<?xml version="1.0" encoding="UTF-8" ?>
<testsuite tests="6" failures="0" name="model.GrafoDirigidoTest" time="0.038" errors="0" skipped="0">
  <properties>
[...]
</properties>
  <testcase classname="model.GrafoDirigidoTest" name="model.GrafoDirigidoTest.testPesoTransicion" time="0"/>
  <testcase classname="model.GrafoDirigidoTest" name="model.GrafoDirigidoTest.testExisteTransicionNo" time="0"/>
  <testcase classname="model.GrafoDirigidoTest" name="model.GrafoDirigidoTest.testGrafoDirCreacion" time="0.016"/>
  <testcase classname="model.GrafoDirigidoTest" name="model.GrafoDirigidoTest.testInsertarTransicion" time="0"/>
  <testcase classname="model.GrafoDirigidoTest" name="model.GrafoDirigidoTest.testInsertarTransVal" time="0.022"/>
  <testcase classname="model.GrafoDirigidoTest" name="model.GrafoDirigidoTest.testExisteTransicion" time="0"/>
</testsuite>